<?xml version="1.0" encoding="UTF-8"?>
<!-- Generated by org.testng.reporters.JUnitReportReporter -->
<testsuite hostname="DESKTOP-QMA7PH3" failures="0" tests="1" name="itexps.test.com.CostcoTest" time="14.127" errors="0" timestamp="22 May 2023 14:21:39 GMT">
  <testcase classname="itexps.test.com.CostcoTest" name="testGoldStarMemberTest1" time="14.127"/>
</testsuite> <!-- itexps.test.com.CostcoTest -->
